2022-04-24 19:48:00 INFO  AbstractLangProcessor: - Start parsing files...
2022-04-24 19:48:00 INFO  AbstractLangProcessor: - Resolve types and bindings of variables, methods and expressions.... /Users/panxingyu/Desktop/depAnalyzeTool/~/Desktop/depAnalyzeTool
2022-04-24 19:48:00 INFO  AbstractLangProcessor: - Heap Information: init = 268435456(262144K) used = 29315072(28628K) committed = 272629760(266240K) max = 4294967296(4194304K)
2022-04-24 19:48:00 INFO  Inferer: - Resolve type bindings...
2022-04-24 19:48:00 INFO  Inferer: - Dependency analaysing...
2022-04-24 19:48:00 INFO  Inferer: - Heap Information: init = 268435456(262144K) used = 29315072(28628K) committed = 272629760(266240K) max = 4294967296(4194304K)
2022-04-24 19:48:00 INFO  AbstractLangProcessor: - Heap Information: init = 268435456(262144K) used = 8788984(8582K) committed = 71303168(69632K) max = 4294967296(4194304K)
2022-04-24 19:48:00 INFO  AbstractLangProcessor: - Dependencie data generating done successfully...
2022-04-24 19:50:27 INFO  AbstractLangProcessor: - Start parsing files...
2022-04-24 19:50:27 INFO  AbstractLangProcessor: - Resolve types and bindings of variables, methods and expressions.... /Users/panxingyu/Desktop/depAnalyzeTool/~/Desktop/depAnalyzeTool
2022-04-24 19:50:27 INFO  AbstractLangProcessor: - Heap Information: init = 268435456(262144K) used = 29315072(28628K) committed = 272629760(266240K) max = 4294967296(4194304K)
2022-04-24 19:50:27 INFO  Inferer: - Resolve type bindings...
2022-04-24 19:50:27 INFO  Inferer: - Dependency analaysing...
2022-04-24 19:50:27 INFO  Inferer: - Heap Information: init = 268435456(262144K) used = 29315072(28628K) committed = 272629760(266240K) max = 4294967296(4194304K)
2022-04-24 19:50:27 INFO  AbstractLangProcessor: - Heap Information: init = 268435456(262144K) used = 8788976(8582K) committed = 71303168(69632K) max = 4294967296(4194304K)
2022-04-24 19:50:27 INFO  AbstractLangProcessor: - Dependencie data generating done successfully...
2022-04-24 19:53:07 INFO  AbstractLangProcessor: - Start parsing files...
2022-04-24 19:53:08 INFO  AbstractLangProcessor: - Resolve types and bindings of variables, methods and expressions.... /Users/panxingyu/Desktop/depAnalyzeTool
2022-04-24 19:53:08 INFO  AbstractLangProcessor: - Heap Information: init = 268435456(262144K) used = 163395920(159566K) committed = 272629760(266240K) max = 4294967296(4194304K)
2022-04-24 19:53:08 INFO  Inferer: - Resolve type bindings...
2022-04-24 19:53:08 INFO  Inferer: - Dependency analaysing...
2022-04-24 19:53:08 INFO  Inferer: - Heap Information: init = 268435456(262144K) used = 163395920(159566K) committed = 272629760(266240K) max = 4294967296(4194304K)
2022-04-24 19:53:09 INFO  AbstractLangProcessor: - Heap Information: init = 268435456(262144K) used = 10532400(10285K) committed = 71303168(69632K) max = 4294967296(4194304K)
2022-04-24 19:53:09 INFO  AbstractLangProcessor: - Dependencie data generating done successfully...
2022-04-24 20:04:50 INFO  AbstractLangProcessor: - Start parsing files...
2022-04-24 20:04:50 INFO  AbstractLangProcessor: - Resolve types and bindings of variables, methods and expressions.... /Users/panxingyu/Desktop/depAnalyzeTool/~/Desktop/depAnalyzeTool
2022-04-24 20:04:50 INFO  AbstractLangProcessor: - Heap Information: init = 268435456(262144K) used = 29315072(28628K) committed = 272629760(266240K) max = 4294967296(4194304K)
2022-04-24 20:04:50 INFO  Inferer: - Resolve type bindings...
2022-04-24 20:04:50 INFO  Inferer: - Dependency analaysing...
2022-04-24 20:04:50 INFO  Inferer: - Heap Information: init = 268435456(262144K) used = 29315072(28628K) committed = 272629760(266240K) max = 4294967296(4194304K)
2022-04-24 20:04:51 INFO  AbstractLangProcessor: - Heap Information: init = 268435456(262144K) used = 8788976(8582K) committed = 62914560(61440K) max = 4294967296(4194304K)
2022-04-24 20:04:51 INFO  AbstractLangProcessor: - Dependencie data generating done successfully...
2022-04-24 20:06:18 INFO  AbstractLangProcessor: - Start parsing files...
2022-04-24 20:06:18 INFO  AbstractLangProcessor: - Resolve types and bindings of variables, methods and expressions.... /Users/panxingyu/Desktop/depAnalyzeTool/~/Desktop/depAnalyzeTool
2022-04-24 20:06:18 INFO  AbstractLangProcessor: - Heap Information: init = 268435456(262144K) used = 29315072(28628K) committed = 272629760(266240K) max = 4294967296(4194304K)
2022-04-24 20:06:18 INFO  Inferer: - Resolve type bindings...
2022-04-24 20:06:18 INFO  Inferer: - Dependency analaysing...
2022-04-24 20:06:18 INFO  Inferer: - Heap Information: init = 268435456(262144K) used = 29315072(28628K) committed = 272629760(266240K) max = 4294967296(4194304K)
2022-04-24 20:06:18 INFO  AbstractLangProcessor: - Heap Information: init = 268435456(262144K) used = 8788992(8583K) committed = 71303168(69632K) max = 4294967296(4194304K)
2022-04-24 20:06:18 INFO  AbstractLangProcessor: - Dependencie data generating done successfully...
2022-04-24 20:07:02 INFO  AbstractLangProcessor: - Start parsing files...
2022-04-24 20:07:03 INFO  AbstractLangProcessor: - Resolve types and bindings of variables, methods and expressions.... /Users/panxingyu/Desktop/depAnalyzeTool
2022-04-24 20:07:03 INFO  AbstractLangProcessor: - Heap Information: init = 268435456(262144K) used = 16934304(16537K) committed = 272629760(266240K) max = 4294967296(4194304K)
2022-04-24 20:07:03 INFO  Inferer: - Resolve type bindings...
2022-04-24 20:07:03 INFO  Inferer: - Dependency analaysing...
2022-04-24 20:07:03 INFO  Inferer: - Heap Information: init = 268435456(262144K) used = 19031456(18585K) committed = 272629760(266240K) max = 4294967296(4194304K)
2022-04-24 20:07:03 INFO  AbstractLangProcessor: - Heap Information: init = 268435456(262144K) used = 10628136(10379K) committed = 71303168(69632K) max = 4294967296(4194304K)
2022-04-24 20:07:03 INFO  AbstractLangProcessor: - Dependencie data generating done successfully...
2022-04-24 20:07:47 INFO  AbstractLangProcessor: - Start parsing files...
2022-04-24 20:07:48 INFO  AbstractLangProcessor: - Resolve types and bindings of variables, methods and expressions.... /Users/panxingyu/Desktop/depAnalyzeTool
2022-04-24 20:07:48 INFO  AbstractLangProcessor: - Heap Information: init = 268435456(262144K) used = 10949024(10692K) committed = 272629760(266240K) max = 4294967296(4194304K)
2022-04-24 20:07:48 INFO  Inferer: - Resolve type bindings...
2022-04-24 20:07:48 INFO  Inferer: - Dependency analaysing...
2022-04-24 20:07:48 INFO  Inferer: - Heap Information: init = 268435456(262144K) used = 13046176(12740K) committed = 272629760(266240K) max = 4294967296(4194304K)
2022-04-24 20:07:48 INFO  AbstractLangProcessor: - Heap Information: init = 268435456(262144K) used = 10590792(10342K) committed = 71303168(69632K) max = 4294967296(4194304K)
2022-04-24 20:07:48 INFO  AbstractLangProcessor: - Dependencie data generating done successfully...
2022-04-24 20:08:58 INFO  AbstractLangProcessor: - Start parsing files...
2022-04-24 20:08:59 INFO  AbstractLangProcessor: - Resolve types and bindings of variables, methods and expressions.... /Users/panxingyu/Desktop/depAnalyzeTool
2022-04-24 20:08:59 INFO  AbstractLangProcessor: - Heap Information: init = 268435456(262144K) used = 12947168(12643K) committed = 272629760(266240K) max = 4294967296(4194304K)
2022-04-24 20:08:59 INFO  Inferer: - Resolve type bindings...
2022-04-24 20:08:59 INFO  Inferer: - Dependency analaysing...
2022-04-24 20:08:59 INFO  Inferer: - Heap Information: init = 268435456(262144K) used = 15044320(14691K) committed = 272629760(266240K) max = 4294967296(4194304K)
2022-04-24 20:09:00 INFO  AbstractLangProcessor: - Heap Information: init = 268435456(262144K) used = 10630352(10381K) committed = 71303168(69632K) max = 4294967296(4194304K)
2022-04-24 20:09:00 INFO  AbstractLangProcessor: - Dependencie data generating done successfully...
2022-04-24 20:10:26 INFO  AbstractLangProcessor: - Start parsing files...
2022-04-24 20:10:28 INFO  AbstractLangProcessor: - Resolve types and bindings of variables, methods and expressions.... /Users/panxingyu/Desktop/depAnalyzeTool
2022-04-24 20:10:28 INFO  AbstractLangProcessor: - Heap Information: init = 268435456(262144K) used = 17038208(16638K) committed = 272629760(266240K) max = 4294967296(4194304K)
2022-04-24 20:10:28 INFO  Inferer: - Resolve type bindings...
2022-04-24 20:10:28 INFO  Inferer: - Dependency analaysing...
2022-04-24 20:10:28 INFO  Inferer: - Heap Information: init = 268435456(262144K) used = 19135360(18686K) committed = 272629760(266240K) max = 4294967296(4194304K)
2022-04-24 20:10:28 INFO  AbstractLangProcessor: - Heap Information: init = 268435456(262144K) used = 10532320(10285K) committed = 71303168(69632K) max = 4294967296(4194304K)
2022-04-24 20:10:28 INFO  AbstractLangProcessor: - Dependencie data generating done successfully...
2022-04-24 20:31:10 INFO  AbstractLangProcessor: - Start parsing files...
2022-04-24 20:31:11 INFO  AbstractLangProcessor: - Resolve types and bindings of variables, methods and expressions.... /Users/panxingyu/Desktop/depAnalyzeTool
2022-04-24 20:31:11 INFO  AbstractLangProcessor: - Heap Information: init = 268435456(262144K) used = 13038136(12732K) committed = 272629760(266240K) max = 4294967296(4194304K)
2022-04-24 20:31:11 INFO  Inferer: - Resolve type bindings...
2022-04-24 20:31:11 INFO  Inferer: - Dependency analaysing...
2022-04-24 20:31:11 INFO  Inferer: - Heap Information: init = 268435456(262144K) used = 13038136(12732K) committed = 272629760(266240K) max = 4294967296(4194304K)
2022-04-24 20:31:12 INFO  AbstractLangProcessor: - Heap Information: init = 268435456(262144K) used = 10530160(10283K) committed = 71303168(69632K) max = 4294967296(4194304K)
2022-04-24 20:31:12 INFO  AbstractLangProcessor: - Dependencie data generating done successfully...
2022-04-24 20:31:24 INFO  AbstractLangProcessor: - Start parsing files...
2022-04-24 20:31:26 INFO  AbstractLangProcessor: - Resolve types and bindings of variables, methods and expressions.... /Users/panxingyu/Desktop/depAnalyzeTool
2022-04-24 20:31:26 INFO  AbstractLangProcessor: - Heap Information: init = 268435456(262144K) used = 159318744(155584K) committed = 272629760(266240K) max = 4294967296(4194304K)
2022-04-24 20:31:26 INFO  Inferer: - Resolve type bindings...
2022-04-24 20:31:26 INFO  Inferer: - Dependency analaysing...
2022-04-24 20:31:26 INFO  Inferer: - Heap Information: init = 268435456(262144K) used = 161415896(157632K) committed = 272629760(266240K) max = 4294967296(4194304K)
2022-04-24 20:31:26 INFO  AbstractLangProcessor: - Heap Information: init = 268435456(262144K) used = 10535632(10288K) committed = 62914560(61440K) max = 4294967296(4194304K)
2022-04-24 20:31:26 INFO  AbstractLangProcessor: - Dependencie data generating done successfully...
2022-04-24 22:04:34 INFO  AbstractLangProcessor: - Start parsing files...
2022-04-24 22:04:35 INFO  AbstractLangProcessor: - Resolve types and bindings of variables, methods and expressions.... /Users/panxingyu/Desktop/depAnalyzeTool
2022-04-24 22:04:35 INFO  AbstractLangProcessor: - Heap Information: init = 268435456(262144K) used = 13142992(12834K) committed = 272629760(266240K) max = 4294967296(4194304K)
2022-04-24 22:04:35 INFO  Inferer: - Resolve type bindings...
2022-04-24 22:04:35 INFO  Inferer: - Dependency analaysing...
2022-04-24 22:04:35 INFO  Inferer: - Heap Information: init = 268435456(262144K) used = 15240144(14882K) committed = 272629760(266240K) max = 4294967296(4194304K)
2022-04-24 22:04:36 INFO  AbstractLangProcessor: - Heap Information: init = 268435456(262144K) used = 10538752(10291K) committed = 71303168(69632K) max = 4294967296(4194304K)
2022-04-24 22:04:36 INFO  AbstractLangProcessor: - Dependencie data generating done successfully...
2022-04-24 23:07:23 INFO  AbstractLangProcessor: - Start parsing files...
2022-04-24 23:07:25 INFO  AbstractLangProcessor: - Resolve types and bindings of variables, methods and expressions.... /Users/panxingyu/Desktop/depAnalyzeTool
2022-04-24 23:07:25 INFO  AbstractLangProcessor: - Heap Information: init = 268435456(262144K) used = 15245184(14887K) committed = 272629760(266240K) max = 4294967296(4194304K)
2022-04-24 23:07:25 INFO  Inferer: - Resolve type bindings...
2022-04-24 23:07:25 INFO  Inferer: - Dependency analaysing...
2022-04-24 23:07:25 INFO  Inferer: - Heap Information: init = 268435456(262144K) used = 17342336(16935K) committed = 272629760(266240K) max = 4294967296(4194304K)
2022-04-24 23:07:25 INFO  AbstractLangProcessor: - Heap Information: init = 268435456(262144K) used = 10562608(10315K) committed = 71303168(69632K) max = 4294967296(4194304K)
2022-04-24 23:07:25 INFO  AbstractLangProcessor: - Dependencie data generating done successfully...
2022-04-24 23:09:11 INFO  AbstractLangProcessor: - Start parsing files...
2022-04-24 23:09:13 INFO  AbstractLangProcessor: - Resolve types and bindings of variables, methods and expressions.... /Users/panxingyu/Desktop/depAnalyzeTool
2022-04-24 23:09:13 INFO  AbstractLangProcessor: - Heap Information: init = 268435456(262144K) used = 15264800(14907K) committed = 272629760(266240K) max = 4294967296(4194304K)
2022-04-24 23:09:13 INFO  Inferer: - Resolve type bindings...
2022-04-24 23:09:13 INFO  Inferer: - Dependency analaysing...
2022-04-24 23:09:13 INFO  Inferer: - Heap Information: init = 268435456(262144K) used = 17361952(16955K) committed = 272629760(266240K) max = 4294967296(4194304K)
2022-04-24 23:09:13 INFO  AbstractLangProcessor: - Heap Information: init = 268435456(262144K) used = 10563584(10316K) committed = 62914560(61440K) max = 4294967296(4194304K)
2022-04-24 23:09:13 INFO  AbstractLangProcessor: - Dependencie data generating done successfully...
2022-04-25 08:09:04 INFO  AbstractLangProcessor: - Start parsing files...
2022-04-25 08:09:06 INFO  AbstractLangProcessor: - Resolve types and bindings of variables, methods and expressions.... /Users/panxingyu/Desktop/depAnalyzeTool
2022-04-25 08:09:06 INFO  AbstractLangProcessor: - Heap Information: init = 268435456(262144K) used = 21747008(21237K) committed = 272629760(266240K) max = 4294967296(4194304K)
2022-04-25 08:09:06 INFO  Inferer: - Resolve type bindings...
2022-04-25 08:09:06 INFO  Inferer: - Dependency analaysing...
2022-04-25 08:09:06 INFO  Inferer: - Heap Information: init = 268435456(262144K) used = 21747008(21237K) committed = 272629760(266240K) max = 4294967296(4194304K)
2022-04-25 08:09:06 INFO  AbstractLangProcessor: - Heap Information: init = 268435456(262144K) used = 10600656(10352K) committed = 62914560(61440K) max = 4294967296(4194304K)
2022-04-25 08:09:06 INFO  AbstractLangProcessor: - Dependencie data generating done successfully...
2022-04-25 08:10:03 INFO  AbstractLangProcessor: - Start parsing files...
2022-04-25 08:10:04 INFO  AbstractLangProcessor: - Resolve types and bindings of variables, methods and expressions.... /Users/panxingyu/Desktop/depAnalyzeTool
2022-04-25 08:10:04 INFO  AbstractLangProcessor: - Heap Information: init = 268435456(262144K) used = 19839312(19374K) committed = 272629760(266240K) max = 4294967296(4194304K)
2022-04-25 08:10:04 INFO  Inferer: - Resolve type bindings...
2022-04-25 08:10:04 INFO  Inferer: - Dependency analaysing...
2022-04-25 08:10:04 INFO  Inferer: - Heap Information: init = 268435456(262144K) used = 19839312(19374K) committed = 272629760(266240K) max = 4294967296(4194304K)
2022-04-25 08:10:05 INFO  AbstractLangProcessor: - Heap Information: init = 268435456(262144K) used = 10600536(10352K) committed = 71303168(69632K) max = 4294967296(4194304K)
2022-04-25 08:10:05 INFO  AbstractLangProcessor: - Dependencie data generating done successfully...
2022-04-25 08:11:42 INFO  AbstractLangProcessor: - Start parsing files...
2022-04-25 08:11:44 INFO  AbstractLangProcessor: - Resolve types and bindings of variables, methods and expressions.... /Users/panxingyu/Desktop/depAnalyzeTool
2022-04-25 08:11:44 INFO  AbstractLangProcessor: - Heap Information: init = 268435456(262144K) used = 12843976(12542K) committed = 272629760(266240K) max = 4294967296(4194304K)
2022-04-25 08:11:44 INFO  Inferer: - Resolve type bindings...
2022-04-25 08:11:44 INFO  Inferer: - Dependency analaysing...
2022-04-25 08:11:44 INFO  Inferer: - Heap Information: init = 268435456(262144K) used = 14941128(14590K) committed = 272629760(266240K) max = 4294967296(4194304K)
2022-04-25 08:11:44 INFO  AbstractLangProcessor: - Heap Information: init = 268435456(262144K) used = 10658296(10408K) committed = 71303168(69632K) max = 4294967296(4194304K)
2022-04-25 08:11:44 INFO  AbstractLangProcessor: - Dependencie data generating done successfully...
2022-04-25 08:13:11 INFO  AbstractLangProcessor: - Start parsing files...
2022-04-25 08:13:12 INFO  AbstractLangProcessor: - Resolve types and bindings of variables, methods and expressions.... /Users/panxingyu/Desktop/depAnalyzeTool
2022-04-25 08:13:12 INFO  AbstractLangProcessor: - Heap Information: init = 268435456(262144K) used = 17746960(17331K) committed = 272629760(266240K) max = 4294967296(4194304K)
2022-04-25 08:13:12 INFO  Inferer: - Resolve type bindings...
2022-04-25 08:13:12 INFO  Inferer: - Dependency analaysing...
2022-04-25 08:13:12 INFO  Inferer: - Heap Information: init = 268435456(262144K) used = 19844112(19379K) committed = 272629760(266240K) max = 4294967296(4194304K)
2022-04-25 08:13:12 INFO  AbstractLangProcessor: - Heap Information: init = 268435456(262144K) used = 10602688(10354K) committed = 56623104(55296K) max = 4294967296(4194304K)
2022-04-25 08:13:12 INFO  AbstractLangProcessor: - Dependencie data generating done successfully...
2022-04-25 08:14:51 INFO  AbstractLangProcessor: - Start parsing files...
2022-04-25 08:14:53 INFO  AbstractLangProcessor: - Resolve types and bindings of variables, methods and expressions.... /Users/panxingyu/Desktop/depAnalyzeTool
2022-04-25 08:14:53 INFO  AbstractLangProcessor: - Heap Information: init = 268435456(262144K) used = 21742336(21232K) committed = 272629760(266240K) max = 4294967296(4194304K)
2022-04-25 08:14:53 INFO  Inferer: - Resolve type bindings...
2022-04-25 08:14:53 INFO  Inferer: - Dependency analaysing...
2022-04-25 08:14:53 INFO  Inferer: - Heap Information: init = 268435456(262144K) used = 23839488(23280K) committed = 272629760(266240K) max = 4294967296(4194304K)
2022-04-25 08:14:53 INFO  AbstractLangProcessor: - Heap Information: init = 268435456(262144K) used = 10602904(10354K) committed = 71303168(69632K) max = 4294967296(4194304K)
2022-04-25 08:14:53 INFO  AbstractLangProcessor: - Dependencie data generating done successfully...
2022-04-25 08:15:57 INFO  AbstractLangProcessor: - Start parsing files...
2022-04-25 08:15:59 INFO  AbstractLangProcessor: - Resolve types and bindings of variables, methods and expressions.... /Users/panxingyu/Desktop/depAnalyzeTool
2022-04-25 08:15:59 INFO  AbstractLangProcessor: - Heap Information: init = 268435456(262144K) used = 21627248(21120K) committed = 272629760(266240K) max = 4294967296(4194304K)
2022-04-25 08:15:59 INFO  Inferer: - Resolve type bindings...
2022-04-25 08:15:59 INFO  Inferer: - Dependency analaysing...
2022-04-25 08:15:59 INFO  Inferer: - Heap Information: init = 268435456(262144K) used = 23724400(23168K) committed = 272629760(266240K) max = 4294967296(4194304K)
2022-04-25 08:15:59 INFO  AbstractLangProcessor: - Heap Information: init = 268435456(262144K) used = 10602768(10354K) committed = 62914560(61440K) max = 4294967296(4194304K)
2022-04-25 08:15:59 INFO  AbstractLangProcessor: - Dependencie data generating done successfully...
2022-04-25 08:20:08 INFO  AbstractLangProcessor: - Start parsing files...
2022-04-25 08:20:10 INFO  AbstractLangProcessor: - Resolve types and bindings of variables, methods and expressions.... /Users/panxingyu/Desktop/depAnalyzeTool
2022-04-25 08:20:10 INFO  AbstractLangProcessor: - Heap Information: init = 268435456(262144K) used = 79210480(77353K) committed = 272629760(266240K) max = 4294967296(4194304K)
2022-04-25 08:20:10 INFO  Inferer: - Resolve type bindings...
2022-04-25 08:20:10 INFO  Inferer: - Dependency analaysing...
2022-04-25 08:20:10 INFO  Inferer: - Heap Information: init = 268435456(262144K) used = 79210480(77353K) committed = 272629760(266240K) max = 4294967296(4194304K)
2022-04-25 08:20:10 INFO  AbstractLangProcessor: - Heap Information: init = 268435456(262144K) used = 10602768(10354K) committed = 71303168(69632K) max = 4294967296(4194304K)
2022-04-25 08:20:10 INFO  AbstractLangProcessor: - Dependencie data generating done successfully...
2022-04-25 09:58:10 INFO  AbstractLangProcessor: - Start parsing files...
2022-04-25 09:58:11 INFO  AbstractLangProcessor: - Resolve types and bindings of variables, methods and expressions.... /Users/panxingyu/Desktop/depAnalyzeTool
2022-04-25 09:58:11 INFO  AbstractLangProcessor: - Heap Information: init = 268435456(262144K) used = 73222416(71506K) committed = 272629760(266240K) max = 4294967296(4194304K)
2022-04-25 09:58:11 INFO  Inferer: - Resolve type bindings...
2022-04-25 09:58:11 INFO  Inferer: - Dependency analaysing...
2022-04-25 09:58:11 INFO  Inferer: - Heap Information: init = 268435456(262144K) used = 75319568(73554K) committed = 272629760(266240K) max = 4294967296(4194304K)
2022-04-25 09:58:12 INFO  AbstractLangProcessor: - Heap Information: init = 268435456(262144K) used = 10603784(10355K) committed = 71303168(69632K) max = 4294967296(4194304K)
2022-04-25 09:58:12 INFO  AbstractLangProcessor: - Dependencie data generating done successfully...
2022-04-25 10:58:47 INFO  AbstractLangProcessor: - Start parsing files...
2022-04-25 10:58:49 INFO  AbstractLangProcessor: - Resolve types and bindings of variables, methods and expressions.... /Users/panxingyu/Desktop/depAnalyzeTool
2022-04-25 10:58:49 INFO  AbstractLangProcessor: - Heap Information: init = 268435456(262144K) used = 23851008(23292K) committed = 272629760(266240K) max = 4294967296(4194304K)
2022-04-25 10:58:49 INFO  Inferer: - Resolve type bindings...
2022-04-25 10:58:49 INFO  Inferer: - Dependency analaysing...
2022-04-25 10:58:49 INFO  Inferer: - Heap Information: init = 268435456(262144K) used = 23851008(23292K) committed = 272629760(266240K) max = 4294967296(4194304K)
2022-04-25 10:58:49 INFO  AbstractLangProcessor: - Heap Information: init = 268435456(262144K) used = 10603784(10355K) committed = 71303168(69632K) max = 4294967296(4194304K)
2022-04-25 10:58:49 INFO  AbstractLangProcessor: - Dependencie data generating done successfully...
2022-04-25 11:17:05 INFO  AbstractLangProcessor: - Start parsing files...
2022-04-25 11:17:06 INFO  AbstractLangProcessor: - Resolve types and bindings of variables, methods and expressions.... /Users/panxingyu/Desktop/depAnalyzeTool
2022-04-25 11:17:06 INFO  AbstractLangProcessor: - Heap Information: init = 268435456(262144K) used = 21743616(21234K) committed = 272629760(266240K) max = 4294967296(4194304K)
2022-04-25 11:17:06 INFO  Inferer: - Resolve type bindings...
2022-04-25 11:17:06 INFO  Inferer: - Dependency analaysing...
2022-04-25 11:17:06 INFO  Inferer: - Heap Information: init = 268435456(262144K) used = 23840768(23282K) committed = 272629760(266240K) max = 4294967296(4194304K)
2022-04-25 11:17:07 INFO  AbstractLangProcessor: - Heap Information: init = 268435456(262144K) used = 10603784(10355K) committed = 56623104(55296K) max = 4294967296(4194304K)
2022-04-25 11:17:07 INFO  AbstractLangProcessor: - Dependencie data generating done successfully...
2022-04-25 11:29:57 INFO  AbstractLangProcessor: - Start parsing files...
2022-04-25 11:29:59 INFO  AbstractLangProcessor: - Resolve types and bindings of variables, methods and expressions.... /Users/panxingyu/Documents/Fudan_4A/OOAD/lab2/java_lab2
2022-04-25 11:29:59 INFO  AbstractLangProcessor: - Heap Information: init = 268435456(262144K) used = 135260528(132090K) committed = 272629760(266240K) max = 4294967296(4194304K)
2022-04-25 11:29:59 INFO  Inferer: - Resolve type bindings...
2022-04-25 11:29:59 INFO  Inferer: - Dependency analaysing...
2022-04-25 11:29:59 INFO  Inferer: - Heap Information: init = 268435456(262144K) used = 137357680(134138K) committed = 272629760(266240K) max = 4294967296(4194304K)
2022-04-25 11:29:59 INFO  AbstractLangProcessor: - Heap Information: init = 268435456(262144K) used = 10941760(10685K) committed = 77594624(75776K) max = 4294967296(4194304K)
2022-04-25 11:29:59 INFO  AbstractLangProcessor: - Dependencie data generating done successfully...
2022-04-25 11:42:14 INFO  AbstractLangProcessor: - Start parsing files...
2022-04-25 11:42:15 INFO  AbstractLangProcessor: - Resolve types and bindings of variables, methods and expressions.... /Users/panxingyu/Documents/Fudan_4A/OOAD/lab2/java_lab2
2022-04-25 11:42:15 INFO  AbstractLangProcessor: - Heap Information: init = 268435456(262144K) used = 141371616(138058K) committed = 272629760(266240K) max = 4294967296(4194304K)
2022-04-25 11:42:15 INFO  Inferer: - Resolve type bindings...
2022-04-25 11:42:15 INFO  Inferer: - Dependency analaysing...
2022-04-25 11:42:15 INFO  Inferer: - Heap Information: init = 268435456(262144K) used = 143468768(140106K) committed = 272629760(266240K) max = 4294967296(4194304K)
2022-04-25 11:42:16 INFO  AbstractLangProcessor: - Heap Information: init = 268435456(262144K) used = 10991672(10734K) committed = 71303168(69632K) max = 4294967296(4194304K)
2022-04-25 11:42:16 INFO  AbstractLangProcessor: - Dependencie data generating done successfully...
2022-04-25 16:44:25 INFO  AbstractLangProcessor: - Start parsing files...
2022-04-25 16:44:27 INFO  AbstractLangProcessor: - Resolve types and bindings of variables, methods and expressions.... /Users/panxingyu/Documents/Fudan_4A/OOAD/lab2/java_lab2
2022-04-25 16:44:27 INFO  AbstractLangProcessor: - Heap Information: init = 268435456(262144K) used = 135314944(132143K) committed = 272629760(266240K) max = 4294967296(4194304K)
2022-04-25 16:44:27 INFO  Inferer: - Resolve type bindings...
2022-04-25 16:44:27 INFO  Inferer: - Dependency analaysing...
2022-04-25 16:44:27 INFO  Inferer: - Heap Information: init = 268435456(262144K) used = 137412096(134191K) committed = 272629760(266240K) max = 4294967296(4194304K)
2022-04-25 16:44:27 INFO  AbstractLangProcessor: - Heap Information: init = 268435456(262144K) used = 10941992(10685K) committed = 62914560(61440K) max = 4294967296(4194304K)
2022-04-25 16:44:27 INFO  AbstractLangProcessor: - Dependencie data generating done successfully...
2022-04-25 16:46:36 INFO  AbstractLangProcessor: - Start parsing files...
2022-04-25 16:46:37 INFO  AbstractLangProcessor: - Resolve types and bindings of variables, methods and expressions.... /Users/panxingyu/Documents/Fudan_4A/OOAD/lab2/java_lab2
2022-04-25 16:46:37 INFO  AbstractLangProcessor: - Heap Information: init = 268435456(262144K) used = 141581024(138262K) committed = 272629760(266240K) max = 4294967296(4194304K)
2022-04-25 16:46:37 INFO  Inferer: - Resolve type bindings...
2022-04-25 16:46:38 INFO  Inferer: - Dependency analaysing...
2022-04-25 16:46:38 INFO  Inferer: - Heap Information: init = 268435456(262144K) used = 143678176(140310K) committed = 272629760(266240K) max = 4294967296(4194304K)
2022-04-25 16:46:38 INFO  AbstractLangProcessor: - Heap Information: init = 268435456(262144K) used = 10940680(10684K) committed = 71303168(69632K) max = 4294967296(4194304K)
2022-04-25 16:46:38 INFO  AbstractLangProcessor: - Dependencie data generating done successfully...
2022-04-25 18:46:51 INFO  AbstractLangProcessor: - Start parsing files...
2022-04-25 18:46:53 INFO  AbstractLangProcessor: - Resolve types and bindings of variables, methods and expressions.... /Users/panxingyu/Documents/Fudan_4A/OOAD/lab2/java_lab2
2022-04-25 18:46:53 INFO  AbstractLangProcessor: - Heap Information: init = 268435456(262144K) used = 141455408(138140K) committed = 272629760(266240K) max = 4294967296(4194304K)
2022-04-25 18:46:53 INFO  Inferer: - Resolve type bindings...
2022-04-25 18:46:53 INFO  Inferer: - Dependency analaysing...
2022-04-25 18:46:53 INFO  Inferer: - Heap Information: init = 268435456(262144K) used = 143552560(140188K) committed = 272629760(266240K) max = 4294967296(4194304K)
2022-04-25 18:46:53 INFO  AbstractLangProcessor: - Heap Information: init = 268435456(262144K) used = 10940680(10684K) committed = 71303168(69632K) max = 4294967296(4194304K)
2022-04-25 18:46:53 INFO  AbstractLangProcessor: - Dependencie data generating done successfully...
2022-04-25 18:49:45 INFO  AbstractLangProcessor: - Start parsing files...
2022-04-25 18:50:05 INFO  AbstractLangProcessor: - Start parsing files...
2022-04-25 18:50:07 INFO  AbstractLangProcessor: - Resolve types and bindings of variables, methods and expressions.... /Users/panxingyu/Documents/Fudan_4A/OOAD/lab2/java_lab2
2022-04-25 18:50:07 INFO  AbstractLangProcessor: - Heap Information: init = 268435456(262144K) used = 135282912(132112K) committed = 272629760(266240K) max = 4294967296(4194304K)
2022-04-25 18:50:07 INFO  Inferer: - Resolve type bindings...
2022-04-25 18:50:07 INFO  Inferer: - Dependency analaysing...
2022-04-25 18:50:07 INFO  Inferer: - Heap Information: init = 268435456(262144K) used = 137380064(134160K) committed = 272629760(266240K) max = 4294967296(4194304K)
2022-04-25 18:50:07 INFO  AbstractLangProcessor: - Heap Information: init = 268435456(262144K) used = 10940544(10684K) committed = 71303168(69632K) max = 4294967296(4194304K)
2022-04-25 18:50:07 INFO  AbstractLangProcessor: - Dependencie data generating done successfully...
2022-04-25 20:19:59 INFO  AbstractLangProcessor: - Start parsing files...
2022-04-25 20:21:19 INFO  AbstractLangProcessor: - Resolve types and bindings of variables, methods and expressions.... /Users/panxingyu/Desktop/cassandra
2022-04-25 20:21:19 INFO  AbstractLangProcessor: - Heap Information: init = 268435456(262144K) used = 288975040(282202K) committed = 473956352(462848K) max = 4294967296(4194304K)
2022-04-25 20:21:19 INFO  Inferer: - Resolve type bindings...
2022-04-25 20:21:27 INFO  Inferer: - Dependency analaysing...
2022-04-25 20:21:27 INFO  Inferer: - Heap Information: init = 268435456(262144K) used = 221825120(216626K) committed = 570425344(557056K) max = 4294967296(4194304K)
2022-04-25 20:22:16 INFO  AbstractLangProcessor: - Heap Information: init = 268435456(262144K) used = 259273216(253196K) committed = 570425344(557056K) max = 4294967296(4194304K)
2022-04-25 20:22:17 INFO  AbstractLangProcessor: - Dependencie data generating done successfully...
